Base path: 'C:/Program Files/Unity/Hub/Editor/2019.2.2f1/Editor/Data', plugins path 'C:/Program Files/Unity/Hub/Editor/2019.2.2f1/Editor/Data/PlaybackEngines'
Cmd: initializeCompiler
Cmd: compileComputeKernel
  api=4 insize=15603 outsize=22333 ok=1
Cmd: compileComputeKernel
  api=4 insize=15603 outsize=40188 ok=1
Cmd: compileComputeKernel
  api=4 insize=15603 outsize=32155 ok=1
Cmd: compileComputeKernel
  api=4 insize=15603 outsize=75130 ok=1
Cmd: compileComputeKernel
  api=4 insize=15603 outsize=35776 ok=1
Cmd: compileComputeKernel
  api=4 insize=15603 outsize=95624 ok=1
Cmd: compileComputeKernel
  api=4 insize=15603 outsize=77296 ok=1
Cmd: compileComputeKernel
  api=4 insize=25750 outsize=15193 ok=1
Cmd: compileComputeKernel
  api=4 insize=3797 outsize=1613 ok=1
Cmd: compileComputeKernel
  api=4 insize=1326 outsize=666 ok=1
Cmd: compileComputeKernel
  api=4 insize=9347 outsize=9146 ok=1
Cmd: compileComputeKernel
  api=4 insize=4918 outsize=2350 ok=1
Cmd: compileComputeKernel
  api=4 insize=7423 outsize=1261 ok=1
Cmd: compileComputeKernel
  api=4 insize=21554 outsize=14767 ok=1
Cmd: compileComputeKernel
  api=4 insize=21751 outsize=21741 ok=1
Cmd: compileComputeKernel
  api=4 insize=8644 outsize=4069 ok=1
Cmd: compileComputeKernel
  api=4 insize=3022 outsize=2044 ok=1
Cmd: compileComputeKernel
  api=4 insize=7918 outsize=5629 ok=1
Cmd: compileComputeKernel
  api=4 insize=857 outsize=578 ok=1
Cmd: compileComputeKernel
  api=4 insize=20668 outsize=95086 ok=1
Cmd: compileComputeKernel
  api=4 insize=36515 outsize=31493 ok=1
Cmd: compileComputeKernel
  api=4 insize=36515 outsize=36014 ok=1
Cmd: compileComputeKernel
  api=4 insize=17606 outsize=7333 ok=1
Cmd: compileComputeKernel
  api=4 insize=5065 outsize=1485 ok=1
Cmd: compileComputeKernel
  api=4 insize=8970 outsize=4890 ok=1
Cmd: compileComputeKernel
  api=4 insize=3043 outsize=2697 ok=1
Cmd: compileComputeKernel
  api=4 insize=9814 outsize=3652 ok=1
Cmd: compileComputeKernel
  api=4 insize=3289 outsize=4635 ok=1
Cmd: compileComputeKernel
  api=4 insize=7700 outsize=6747 ok=1
Cmd: compileComputeKernel
  api=4 insize=3918 outsize=2751 ok=1
Cmd: compileComputeKernel
  api=4 insize=3654 outsize=1426 ok=1
Cmd: compileComputeKernel
  api=4 insize=17632 outsize=5164 ok=1
Cmd: compileComputeKernel
  api=4 insize=5725 outsize=629 ok=1
Cmd: compileSnippet
  api=4 type=0 insize=7271 outsize=3066 kw=UNITY_PASS_SHADOWCASTER SHADOWS_DEPTH pd=UNITY_ENABLE_REFLECTION_BUFFERS UNITY_USE_DITHER_MASK_FOR_ALPHABLENDED_SHADOWS UNITY_PBS_USE_BRDF1 UNITY_SPECCUBE_BOX_PROJECTION UNITY_SPECCUBE_BLENDING UNITY_ENABLE_DETAIL_NORMALMAP SHADER_API_DESKTOP UNITY_LIGHT_PROBE_PROXY_VOLUME UNITY_LIGHTMAP_FULL_HDR ok=1
Cmd: compileSnippet
  api=4 type=0 insize=2330 outsize=1574 kw=DECALS_3RT _NORMALMAP _TERRAIN_INSTANCED_PERPIXEL_NORMAL pd=UNITY_ENABLE_REFLECTION_BUFFERS UNITY_USE_DITHER_MASK_FOR_ALPHABLENDED_SHADOWS UNITY_PBS_USE_BRDF1 UNITY_SPECCUBE_BOX_PROJECTION UNITY_SPECCUBE_BLENDING UNITY_ENABLE_DETAIL_NORMALMAP SHADER_API_DESKTOP UNITY_LIGHT_PROBE_PROXY_VOLUME UNITY_LIGHTMAP_FULL_HDR ok=1
