Base path: 'C:/Program Files/Unity/Hub/Editor/2019.2.2f1/Editor/Data', plugins path 'C:/Program Files/Unity/Hub/Editor/2019.2.2f1/Editor/Data/PlaybackEngines'
Cmd: initializeCompiler
Cmd: compileComputeKernel
  api=4 insize=15603 outsize=33379 ok=1
Cmd: compileComputeKernel
  api=4 insize=15603 outsize=63366 ok=1
Cmd: compileComputeKernel
  api=4 insize=15603 outsize=48580 ok=1
Cmd: compileComputeKernel
  api=4 insize=15603 outsize=33084 ok=1
Cmd: compileComputeKernel
  api=4 insize=15603 outsize=32144 ok=1
Cmd: compileComputeKernel
  api=4 insize=15603 outsize=15264 ok=1
Cmd: compileComputeKernel
  api=4 insize=15603 outsize=48516 ok=1
Cmd: compileComputeKernel
  api=4 insize=15603 outsize=37933 ok=1
Cmd: compileComputeKernel
  api=4 insize=15603 outsize=44718 ok=1
Cmd: compileComputeKernel
  api=4 insize=15603 outsize=37617 ok=1
Cmd: compileComputeKernel
  api=4 insize=15603 outsize=44450 ok=1
Cmd: compileComputeKernel
  api=4 insize=25750 outsize=15619 ok=1
Cmd: compileComputeKernel
  api=4 insize=5767 outsize=5733 ok=1
Cmd: compileComputeKernel
  api=4 insize=1042 outsize=3163 ok=1
Cmd: compileComputeKernel
  api=4 insize=3687 outsize=3172 ok=1
Cmd: compileComputeKernel
  api=4 insize=9347 outsize=7442 ok=1
Cmd: compileComputeKernel
  api=4 insize=21554 outsize=15798 ok=1
Cmd: compileComputeKernel
  api=4 insize=8644 outsize=660 ok=1
Cmd: compileComputeKernel
  api=4 insize=36515 outsize=36696 ok=1
Cmd: compileComputeKernel
  api=4 insize=36515 outsize=32909 ok=1
Cmd: compileComputeKernel
  api=4 insize=5065 outsize=1297 ok=1
Cmd: compileComputeKernel
  api=4 insize=2596 outsize=2268 ok=1
Cmd: compileComputeKernel
  api=4 insize=9814 outsize=4256 ok=1
Cmd: compileComputeKernel
  api=4 insize=7700 outsize=4491 ok=1
Cmd: compileComputeKernel
  api=4 insize=3918 outsize=885 ok=1
Cmd: compileComputeKernel
  api=4 insize=17632 outsize=5562 ok=1
Cmd: compileComputeKernel
  api=4 insize=3844 outsize=4216 ok=1
Cmd: compileComputeKernel
  api=4 insize=2510 outsize=562 ok=1
Cmd: compileComputeKernel
  api=4 insize=19711 outsize=24850 ok=1
Cmd: compileSnippet
  api=4 type=1 insize=8313 outsize=502 kw=UNITY_PASS_SHADOWCASTER SHADOWS_DEPTH pd=UNITY_ENABLE_REFLECTION_BUFFERS UNITY_USE_DITHER_MASK_FOR_ALPHABLENDED_SHADOWS UNITY_PBS_USE_BRDF1 UNITY_SPECCUBE_BOX_PROJECTION UNITY_SPECCUBE_BLENDING UNITY_ENABLE_DETAIL_NORMALMAP SHADER_API_DESKTOP UNITY_LIGHT_PROBE_PROXY_VOLUME UNITY_LIGHTMAP_FULL_HDR ok=1
Cmd: compileSnippet
  api=4 type=0 insize=6670 outsize=810 kw=_NORMALMAP_TANGENT_SPACE pd=UNITY_ENABLE_REFLECTION_BUFFERS UNITY_USE_DITHER_MASK_FOR_ALPHABLENDED_SHADOWS UNITY_PBS_USE_BRDF1 UNITY_SPECCUBE_BOX_PROJECTION UNITY_SPECCUBE_BLENDING UNITY_ENABLE_DETAIL_NORMALMAP SHADER_API_DESKTOP UNITY_LIGHT_PROBE_PROXY_VOLUME UNITY_LIGHTMAP_FULL_HDR ok=1
Cmd: compileSnippet
  api=4 type=1 insize=2295 outsize=446 kw= pd=UNITY_ENABLE_REFLECTION_BUFFERS UNITY_USE_DITHER_MASK_FOR_ALPHABLENDED_SHADOWS UNITY_PBS_USE_BRDF1 UNITY_SPECCUBE_BOX_PROJECTION UNITY_SPECCUBE_BLENDING UNITY_ENABLE_DETAIL_NORMALMAP SHADER_API_DESKTOP UNITY_LIGHT_PROBE_PROXY_VOLUME UNITY_LIGHTMAP_FULL_HDR ok=1
Cmd: compileSnippet
  api=4 type=1 insize=1499 outsize=142 kw=_TERRAIN_INSTANCED_PERPIXEL_NORMAL pd=UNITY_ENABLE_REFLECTION_BUFFERS UNITY_USE_DITHER_MASK_FOR_ALPHABLENDED_SHADOWS UNITY_PBS_USE_BRDF1 UNITY_SPECCUBE_BOX_PROJECTION UNITY_SPECCUBE_BLENDING UNITY_ENABLE_DETAIL_NORMALMAP SHADER_API_DESKTOP UNITY_LIGHT_PROBE_PROXY_VOLUME UNITY_LIGHTMAP_FULL_HDR ok=1
