Base path: 'C:/Program Files/Unity/Hub/Editor/2019.2.2f1/Editor/Data', plugins path 'C:/Program Files/Unity/Hub/Editor/2019.2.2f1/Editor/Data/PlaybackEngines'
Cmd: initializeCompiler
Cmd: compileComputeKernel
  api=4 insize=18610 outsize=1491 ok=1
Cmd: compileComputeKernel
  api=4 insize=15603 outsize=113975 ok=1
Cmd: compileComputeKernel
  api=4 insize=15603 outsize=48512 ok=1
Cmd: compileComputeKernel
  api=4 insize=15603 outsize=42041 ok=1
Cmd: compileComputeKernel
  api=4 insize=15603 outsize=47233 ok=1
Cmd: compileComputeKernel
  api=4 insize=15603 outsize=37641 ok=1
Cmd: compileComputeKernel
  api=4 insize=15603 outsize=50829 ok=1
Cmd: compileComputeKernel
  api=4 insize=25750 outsize=14181 ok=1
Cmd: compileComputeKernel
  api=4 insize=25750 outsize=324 ok=1
Cmd: compileComputeKernel
  api=4 insize=9347 outsize=9139 ok=1
Cmd: compileComputeKernel
  api=4 insize=9461 outsize=3340 ok=1
Cmd: compileComputeKernel
  api=4 insize=4918 outsize=2708 ok=1
Cmd: compileComputeKernel
  api=4 insize=11912 outsize=1307 ok=1
Cmd: compileComputeKernel
  api=4 insize=7423 outsize=6491 ok=1
Cmd: compileComputeKernel
  api=4 insize=1940 outsize=2732 ok=1
Cmd: compileComputeKernel
  api=4 insize=12268 outsize=9897 ok=1
Cmd: compileComputeKernel
  api=4 insize=13624 outsize=4058 ok=1
Cmd: compileComputeKernel
  api=4 insize=2643 outsize=1197 ok=1
Cmd: compileComputeKernel
  api=4 insize=1834 outsize=1067 ok=1
Cmd: compileComputeKernel
  api=4 insize=21554 outsize=14055 ok=1
Cmd: compileComputeKernel
  api=4 insize=8644 outsize=813 ok=1
Cmd: compileComputeKernel
  api=4 insize=7918 outsize=317 ok=1
Cmd: compileComputeKernel
  api=4 insize=857 outsize=578 ok=1
Cmd: compileComputeKernel
  api=4 insize=20668 outsize=27766 ok=1
Cmd: compileComputeKernel
  api=4 insize=36515 outsize=32909 ok=1
Cmd: compileComputeKernel
  api=4 insize=36515 outsize=32395 ok=1
Cmd: compileComputeKernel
  api=4 insize=5065 outsize=3022 ok=1
Cmd: compileComputeKernel
  api=4 insize=824 outsize=320 ok=1
Cmd: compileComputeKernel
  api=4 insize=9814 outsize=3581 ok=1
Cmd: compileComputeKernel
  api=4 insize=7700 outsize=4339 ok=1
Cmd: compileComputeKernel
  api=4 insize=17632 outsize=635 ok=1
Cmd: compileComputeKernel
  api=4 insize=19711 outsize=2569 ok=1
Cmd: compileSnippet
  api=4 type=1 insize=7271 outsize=502 kw=UNITY_PASS_SHADOWCASTER SHADOWS_DEPTH pd=UNITY_ENABLE_REFLECTION_BUFFERS UNITY_USE_DITHER_MASK_FOR_ALPHABLENDED_SHADOWS UNITY_PBS_USE_BRDF1 UNITY_SPECCUBE_BOX_PROJECTION UNITY_SPECCUBE_BLENDING UNITY_ENABLE_DETAIL_NORMALMAP SHADER_API_DESKTOP UNITY_LIGHT_PROBE_PROXY_VOLUME UNITY_LIGHTMAP_FULL_HDR ok=1
Cmd: compileSnippet
  api=4 type=1 insize=6670 outsize=142 kw=_NORMALMAP_TANGENT_SPACE pd=UNITY_ENABLE_REFLECTION_BUFFERS UNITY_USE_DITHER_MASK_FOR_ALPHABLENDED_SHADOWS UNITY_PBS_USE_BRDF1 UNITY_SPECCUBE_BOX_PROJECTION UNITY_SPECCUBE_BLENDING UNITY_ENABLE_DETAIL_NORMALMAP SHADER_API_DESKTOP UNITY_LIGHT_PROBE_PROXY_VOLUME UNITY_LIGHTMAP_FULL_HDR ok=1
Cmd: compileSnippet
  api=4 type=0 insize=1499 outsize=810 kw=_TERRAIN_INSTANCED_PERPIXEL_NORMAL pd=UNITY_ENABLE_REFLECTION_BUFFERS UNITY_USE_DITHER_MASK_FOR_ALPHABLENDED_SHADOWS UNITY_PBS_USE_BRDF1 UNITY_SPECCUBE_BOX_PROJECTION UNITY_SPECCUBE_BLENDING UNITY_ENABLE_DETAIL_NORMALMAP SHADER_API_DESKTOP UNITY_LIGHT_PROBE_PROXY_VOLUME UNITY_LIGHTMAP_FULL_HDR ok=1
