Base path: 'C:/Program Files/Unity/Hub/Editor/2019.2.2f1/Editor/Data', plugins path 'C:/Program Files/Unity/Hub/Editor/2019.2.2f1/Editor/Data/PlaybackEngines'
Cmd: initializeCompiler
Cmd: compileComputeKernel
  api=4 insize=18610 outsize=4952 ok=1
Cmd: compileComputeKernel
  api=4 insize=15603 outsize=13998 ok=1
Cmd: compileComputeKernel
  api=4 insize=15603 outsize=46175 ok=1
Cmd: compileComputeKernel
  api=4 insize=15603 outsize=55246 ok=1
Cmd: compileComputeKernel
  api=4 insize=15603 outsize=32116 ok=1
Cmd: compileComputeKernel
  api=4 insize=15603 outsize=35912 ok=1
Cmd: compileComputeKernel
  api=4 insize=15603 outsize=44153 ok=1
Cmd: compileComputeKernel
  api=4 insize=15603 outsize=42637 ok=1
Cmd: compileComputeKernel
  api=4 insize=15603 outsize=65847 ok=1
Cmd: compileComputeKernel
  api=4 insize=15603 outsize=57833 ok=1
Cmd: compileComputeKernel
  api=4 insize=25750 outsize=15695 ok=1
Cmd: compileComputeKernel
  api=4 insize=11251 outsize=5613 ok=1
Cmd: compileComputeKernel
  api=4 insize=9347 outsize=12677 ok=1
Cmd: compileComputeKernel
  api=4 insize=9461 outsize=467 ok=1
Cmd: compileComputeKernel
  api=4 insize=4025 outsize=4208 ok=1
Cmd: compileComputeKernel
  api=4 insize=7423 outsize=1128 ok=1
Cmd: compileComputeKernel
  api=4 insize=21554 outsize=14612 ok=1
Cmd: compileComputeKernel
  api=4 insize=7247 outsize=7203 ok=1
Cmd: compileComputeKernel
  api=4 insize=3022 outsize=3237 ok=1
Cmd: compileComputeKernel
  api=4 insize=36515 outsize=33663 ok=1
Cmd: compileComputeKernel
  api=4 insize=36515 outsize=35084 ok=1
Cmd: compileComputeKernel
  api=4 insize=5477 outsize=1267 ok=1
Cmd: compileComputeKernel
  api=4 insize=17606 outsize=8154 ok=1
Cmd: compileComputeKernel
  api=4 insize=5065 outsize=1174 ok=1
Cmd: compileComputeKernel
  api=4 insize=5065 outsize=898 ok=1
Cmd: compileComputeKernel
  api=4 insize=8970 outsize=4969 ok=1
Cmd: compileComputeKernel
  api=4 insize=9814 outsize=4045 ok=1
Cmd: compileComputeKernel
  api=4 insize=7700 outsize=4600 ok=1
Cmd: compileComputeKernel
  api=4 insize=3918 outsize=677 ok=1
Cmd: compileComputeKernel
  api=4 insize=17632 outsize=638 ok=1
Cmd: compileComputeKernel
  api=4 insize=2510 outsize=756 ok=1
Cmd: compileSnippet
  api=4 type=0 insize=8313 outsize=3250 kw=UNITY_PASS_SHADOWCASTER SHADOWS_DEPTH pd=UNITY_ENABLE_REFLECTION_BUFFERS UNITY_USE_DITHER_MASK_FOR_ALPHABLENDED_SHADOWS UNITY_PBS_USE_BRDF1 UNITY_SPECCUBE_BOX_PROJECTION UNITY_SPECCUBE_BLENDING UNITY_ENABLE_DETAIL_NORMALMAP SHADER_API_DESKTOP UNITY_LIGHT_PROBE_PROXY_VOLUME UNITY_LIGHTMAP_FULL_HDR ok=1
Cmd: compileSnippet
  api=4 type=1 insize=2410 outsize=142 kw=_NORMALMAP _TERRAIN_INSTANCED_PERPIXEL_NORMAL pd=UNITY_ENABLE_REFLECTION_BUFFERS UNITY_USE_DITHER_MASK_FOR_ALPHABLENDED_SHADOWS UNITY_PBS_USE_BRDF1 UNITY_SPECCUBE_BOX_PROJECTION UNITY_SPECCUBE_BLENDING UNITY_ENABLE_DETAIL_NORMALMAP SHADER_API_DESKTOP UNITY_LIGHT_PROBE_PROXY_VOLUME UNITY_LIGHTMAP_FULL_HDR ok=1
